#0 building with "default" instance using docker driver

#1 [internal] load build definition from Dockerfile
#1 transferring dockerfile: 699B done
#1 DONE 0.0s

#2 [internal] load metadata for docker.io/library/python:3.9-slim
#2 DONE 0.6s

#3 [internal] load .dockerignore
#3 transferring context: 2B done
#3 DONE 0.0s

#4 [1/8] FROM docker.io/library/python:3.9-slim@sha256:e0bc011bb55918109921b913fe30160cb8297c570621a450477d44999a792beb
#4 DONE 0.0s

#5 [internal] load build context
#5 transferring context: 3.70kB done
#5 DONE 0.0s

#6 [5/8] RUN set -x && echo 'run ls' && set +x
#6 CACHED

#7 [3/8] WORKDIR /app
#7 CACHED

#8 [4/8] RUN set -x && ls -la && set +x
#8 CACHED

#9 [2/8] RUN set -x && ls -la && set +x
#9 CACHED

#10 [6/8] RUN apt-get update && apt-get install -y     build-essential     curl     software-properties-common     git     && rm -rf /var/lib/apt/lists/*
#10 CACHED

#11 [7/8] COPY . .
#11 DONE 0.0s

#12 [8/8] RUN pip3 install -r requirements.txt
#12 1.679 ERROR: Could not open requirements file: [Errno 2] No such file or directory: 'requirements.txt'
#12 1.865 
#12 1.865 [notice] A new release of pip is available: 23.0.1 -> 24.0
#12 1.865 [notice] To update, run: pip install --upgrade pip
#12 ERROR: process "/bin/sh -c pip3 install -r requirements.txt" did not complete successfully: exit code: 1
------
 > [8/8] RUN pip3 install -r requirements.txt:
1.679 ERROR: Could not open requirements file: [Errno 2] No such file or directory: 'requirements.txt'
1.865 
1.865 [notice] A new release of pip is available: 23.0.1 -> 24.0
1.865 [notice] To update, run: pip install --upgrade pip
------
Dockerfile:25
--------------------
  23 |     COPY . .
  24 |     
  25 | >>> RUN pip3 install -r requirements.txt
  26 |     
  27 |     EXPOSE 8501
--------------------
ERROR: failed to solve: process "/bin/sh -c pip3 install -r requirements.txt" did not complete successfully: exit code: 1
